16:00:20,073 DEBUG Main<strong><strong>{1}</strong></strong>:22 - Fucking you bitch
16:00:20,095  INFO Main<strong><strong>{1}</strong></strong>:23 - We are getting it now
16:00:20,704  INFO root<strong><strong>{1}</strong></strong>:28 - Opening the browser :chrome
16:00:22,618 DEBUG org.apache.http.client.protocol.RequestAddCookies<strong><strong>{1}</strong></strong>:122 - CookieSpec selected: default
16:00:22,628 DEBUG org.apache.http.client.protocol.RequestAuthCache<strong><strong>{1}</strong></strong>:76 - Auth cache not set in the context
16:00:22,630 DEBUG org.apache.http.impl.conn.PoolingHttpClientConnectionManager<strong><strong>{1}</strong></strong>:249 - Connection request: [route: {}->http://localhost:1648][total kept alive: 0; route allocated: 0 of 2000; total allocated: 0 of 2000]
16:00:22,644 DEBUG org.apache.http.impl.conn.PoolingHttpClientConnectionManager<strong><strong>{1}</strong></strong>:282 - Connection leased: [id: 0][route: {}->http://localhost:1648][total kept alive: 0; route allocated: 1 of 2000; total allocated: 1 of 2000]
16:00:22,646 DEBUG org.apache.http.impl.execchain.MainClientExec<strong><strong>{1}</strong></strong>:234 - Opening connection {}->http://localhost:1648
16:00:22,647 DEBUG org.apache.http.impl.conn.DefaultHttpClientConnectionOperator<strong><strong>{1}</strong></strong>:131 - Connecting to localhost/127.0.0.1:1648
16:00:22,649 DEBUG org.apache.http.impl.conn.DefaultHttpClientConnectionOperator<strong><strong>{1}</strong></strong>:138 - Connection established 127.0.0.1:57959<->127.0.0.1:1648
16:00:22,649 DEBUG org.apache.http.impl.execchain.MainClientExec<strong><strong>{1}</strong></strong>:255 - Executing request POST /session HTTP/1.1
16:00:22,650 DEBUG org.apache.http.impl.execchain.MainClientExec<strong><strong>{1}</strong></strong>:260 - Target auth state: UNCHALLENGED
16:00:22,651 DEBUG org.apache.http.impl.execchain.MainClientExec<strong><strong>{1}</strong></strong>:266 - Proxy auth state: UNCHALLENGED
16:00:22,652 DEBUG org.apache.http.headers<strong><strong>{1}</strong></strong>:124 - http-outgoing-0 >> POST /session HTTP/1.1
16:00:22,653 DEBUG org.apache.http.headers<strong><strong>{1}</strong></strong>:127 - http-outgoing-0 >> Content-Type: application/json; charset=utf-8
16:00:22,653 DEBUG org.apache.http.headers<strong><strong>{1}</strong></strong>:127 - http-outgoing-0 >> Content-Length: 122
16:00:22,654 DEBUG org.apache.http.headers<strong><strong>{1}</strong></strong>:127 - http-outgoing-0 >> Host: localhost:1648
16:00:22,655 DEBUG org.apache.http.headers<strong><strong>{1}</strong></strong>:127 - http-outgoing-0 >> Connection: Keep-Alive
16:00:22,655 DEBUG org.apache.http.headers<strong><strong>{1}</strong></strong>:127 - http-outgoing-0 >> User-Agent: Apache-HttpClient/4.4.1 (Java/1.8.0_65)
16:00:22,655 DEBUG org.apache.http.headers<strong><strong>{1}</strong></strong>:127 - http-outgoing-0 >> Accept-Encoding: gzip,deflate
16:00:22,656 DEBUG org.apache.http.wire<strong><strong>{1}</strong></strong>:72 - http-outgoing-0 >> "POST /session HTTP/1.1[\r][\n]"
16:00:22,656 DEBUG org.apache.http.wire<strong><strong>{1}</strong></strong>:72 - http-outgoing-0 >> "Content-Type: application/json; charset=utf-8[\r][\n]"
16:00:22,656 DEBUG org.apache.http.wire<strong><strong>{1}</strong></strong>:72 - http-outgoing-0 >> "Content-Length: 122[\r][\n]"
16:00:22,656 DEBUG org.apache.http.wire<strong><strong>{1}</strong></strong>:72 - http-outgoing-0 >> "Host: localhost:1648[\r][\n]"
16:00:22,656 DEBUG org.apache.http.wire<strong><strong>{1}</strong></strong>:72 - http-outgoing-0 >> "Connection: Keep-Alive[\r][\n]"
16:00:22,657 DEBUG org.apache.http.wire<strong><strong>{1}</strong></strong>:72 - http-outgoing-0 >> "User-Agent: Apache-HttpClient/4.4.1 (Java/1.8.0_65)[\r][\n]"
16:00:22,657 DEBUG org.apache.http.wire<strong><strong>{1}</strong></strong>:72 - http-outgoing-0 >> "Accept-Encoding: gzip,deflate[\r][\n]"
16:00:22,657 DEBUG org.apache.http.wire<strong><strong>{1}</strong></strong>:72 - http-outgoing-0 >> "[\r][\n]"
16:00:22,657 DEBUG org.apache.http.wire<strong><strong>{1}</strong></strong>:86 - http-outgoing-0 >> "{"desiredCapabilities":{"browserName":"chrome","chromeOptions":{"args":[],"extensions":[]},"version":"","platform":"ANY"}}"
16:00:23,624 DEBUG org.apache.http.wire<strong><strong>{1}</strong></strong>:72 - http-outgoing-0 << "HTTP/1.1 200 OK[\r][\n]"
16:00:23,625 DEBUG org.apache.http.wire<strong><strong>{1}</strong></strong>:72 - http-outgoing-0 << "Content-Length:560[\r][\n]"
16:00:23,628 DEBUG org.apache.http.wire<strong><strong>{1}</strong></strong>:72 - http-outgoing-0 << "Content-Type:application/json; charset=utf-8[\r][\n]"
16:00:23,628 DEBUG org.apache.http.wire<strong><strong>{1}</strong></strong>:72 - http-outgoing-0 << "Connection:close[\r][\n]"
16:00:23,629 DEBUG org.apache.http.wire<strong><strong>{1}</strong></strong>:72 - http-outgoing-0 << "[\r][\n]"
16:00:23,629 DEBUG org.apache.http.wire<strong><strong>{1}</strong></strong>:86 - http-outgoing-0 << "{"sessionId":"578fb60d6ce7b5c40b832505ac67c34c","status":0,"value":{"acceptSslCerts":true,"applicationCacheEnabled":false,"browserConnectionEnabled":false,"browserName":"chrome","chrome":{"userDataDir":"C:\\Users\\SINGH~2.AVI\\AppData\\Local\\Temp\\scoped_dir8480_19012"},"cssSelectorsEnabled":true,"databaseEnabled":false,"handlesAlerts":true,"javascriptEnabled":true,"locationContextEnabled":true,"nativeEvents":true,"platform":"Windows NT","rotatable":false,"takesHeapSnapshot":true,"takesScreenshot":true,"version":"48.0.2564.97","webStorageEnabled":true}}"
16:00:23,636 DEBUG org.apache.http.headers<strong><strong>{1}</strong></strong>:113 - http-outgoing-0 << HTTP/1.1 200 OK
16:00:23,636 DEBUG org.apache.http.headers<strong><strong>{1}</strong></strong>:116 - http-outgoing-0 << Content-Length:560
16:00:23,637 DEBUG org.apache.http.headers<strong><strong>{1}</strong></strong>:116 - http-outgoing-0 << Content-Type:application/json; charset=utf-8
16:00:23,637 DEBUG org.apache.http.headers<strong><strong>{1}</strong></strong>:116 - http-outgoing-0 << Connection:close
16:00:23,646 DEBUG org.apache.http.impl.conn.DefaultManagedHttpClientConnection<strong><strong>{1}</strong></strong>:87 - http-outgoing-0: Shutdown connection
16:00:23,646 DEBUG org.apache.http.impl.execchain.MainClientExec<strong><strong>{1}</strong></strong>:128 - Connection discarded
16:00:23,647 DEBUG org.apache.http.impl.conn.DefaultManagedHttpClientConnection<strong><strong>{1}</strong></strong>:79 - http-outgoing-0: Close connection
16:00:23,647 DEBUG org.apache.http.impl.conn.PoolingHttpClientConnectionManager<strong><strong>{1}</strong></strong>:320 - Connection released: [id: 0][route: {}->http://localhost:1648][total kept alive: 0; route allocated: 0 of 2000; total allocated: 0 of 2000]
16:00:23,658 DEBUG root<strong><strong>{1}</strong></strong>:44 - Executing openBaseUrl with baseUrl as :http://www.snapdeal.com/
16:00:23,659 DEBUG org.apache.http.client.protocol.RequestAddCookies<strong><strong>{1}</strong></strong>:122 - CookieSpec selected: default
16:00:23,659 DEBUG org.apache.http.client.protocol.RequestAuthCache<strong><strong>{1}</strong></strong>:76 - Auth cache not set in the context
16:00:23,659 DEBUG org.apache.http.impl.conn.PoolingHttpClientConnectionManager<strong><strong>{1}</strong></strong>:249 - Connection request: [route: {}->http://localhost:1648][total kept alive: 0; route allocated: 0 of 2000; total allocated: 0 of 2000]
16:00:23,660 DEBUG org.apache.http.impl.conn.PoolingHttpClientConnectionManager<strong><strong>{1}</strong></strong>:282 - Connection leased: [id: 1][route: {}->http://localhost:1648][total kept alive: 0; route allocated: 1 of 2000; total allocated: 1 of 2000]
16:00:23,660 DEBUG org.apache.http.impl.execchain.MainClientExec<strong><strong>{1}</strong></strong>:234 - Opening connection {}->http://localhost:1648
16:00:23,660 DEBUG org.apache.http.impl.conn.DefaultHttpClientConnectionOperator<strong><strong>{1}</strong></strong>:131 - Connecting to localhost/127.0.0.1:1648
16:00:23,661 DEBUG org.apache.http.impl.conn.DefaultHttpClientConnectionOperator<strong><strong>{1}</strong></strong>:138 - Connection established 127.0.0.1:57964<->127.0.0.1:1648
16:00:23,661 DEBUG org.apache.http.impl.execchain.MainClientExec<strong><strong>{1}</strong></strong>:255 - Executing request POST /session/578fb60d6ce7b5c40b832505ac67c34c/url HTTP/1.1
16:00:23,662 DEBUG org.apache.http.impl.execchain.MainClientExec<strong><strong>{1}</strong></strong>:260 - Target auth state: UNCHALLENGED
16:00:23,662 DEBUG org.apache.http.impl.execchain.MainClientExec<strong><strong>{1}</strong></strong>:266 - Proxy auth state: UNCHALLENGED
16:00:23,662 DEBUG org.apache.http.headers<strong><strong>{1}</strong></strong>:124 - http-outgoing-1 >> POST /session/578fb60d6ce7b5c40b832505ac67c34c/url HTTP/1.1
16:00:23,662 DEBUG org.apache.http.headers<strong><strong>{1}</strong></strong>:127 - http-outgoing-1 >> Content-Type: application/json; charset=utf-8
16:00:23,663 DEBUG org.apache.http.headers<strong><strong>{1}</strong></strong>:127 - http-outgoing-1 >> Content-Length: 34
16:00:23,663 DEBUG org.apache.http.headers<strong><strong>{1}</strong></strong>:127 - http-outgoing-1 >> Host: localhost:1648
16:00:23,663 DEBUG org.apache.http.headers<strong><strong>{1}</strong></strong>:127 - http-outgoing-1 >> Connection: Keep-Alive
16:00:23,663 DEBUG org.apache.http.headers<strong><strong>{1}</strong></strong>:127 - http-outgoing-1 >> User-Agent: Apache-HttpClient/4.4.1 (Java/1.8.0_65)
16:00:23,663 DEBUG org.apache.http.headers<strong><strong>{1}</strong></strong>:127 - http-outgoing-1 >> Accept-Encoding: gzip,deflate
16:00:23,663 DEBUG org.apache.http.wire<strong><strong>{1}</strong></strong>:72 - http-outgoing-1 >> "POST /session/578fb60d6ce7b5c40b832505ac67c34c/url HTTP/1.1[\r][\n]"
16:00:23,664 DEBUG org.apache.http.wire<strong><strong>{1}</strong></strong>:72 - http-outgoing-1 >> "Content-Type: application/json; charset=utf-8[\r][\n]"
16:00:23,666 DEBUG org.apache.http.wire<strong><strong>{1}</strong></strong>:72 - http-outgoing-1 >> "Content-Length: 34[\r][\n]"
16:00:23,666 DEBUG org.apache.http.wire<strong><strong>{1}</strong></strong>:72 - http-outgoing-1 >> "Host: localhost:1648[\r][\n]"
16:00:23,666 DEBUG org.apache.http.wire<strong><strong>{1}</strong></strong>:72 - http-outgoing-1 >> "Connection: Keep-Alive[\r][\n]"
16:00:23,667 DEBUG org.apache.http.wire<strong><strong>{1}</strong></strong>:72 - http-outgoing-1 >> "User-Agent: Apache-HttpClient/4.4.1 (Java/1.8.0_65)[\r][\n]"
16:00:23,667 DEBUG org.apache.http.wire<strong><strong>{1}</strong></strong>:72 - http-outgoing-1 >> "Accept-Encoding: gzip,deflate[\r][\n]"
16:00:23,667 DEBUG org.apache.http.wire<strong><strong>{1}</strong></strong>:72 - http-outgoing-1 >> "[\r][\n]"
16:00:23,667 DEBUG org.apache.http.wire<strong><strong>{1}</strong></strong>:86 - http-outgoing-1 >> "{"url":"http://www.snapdeal.com/"}"
16:00:27,962 DEBUG org.apache.http.wire<strong><strong>{1}</strong></strong>:72 - http-outgoing-1 << "HTTP/1.1 200 OK[\r][\n]"
16:00:27,962 DEBUG org.apache.http.wire<strong><strong>{1}</strong></strong>:72 - http-outgoing-1 << "Content-Length:72[\r][\n]"
16:00:27,962 DEBUG org.apache.http.wire<strong><strong>{1}</strong></strong>:72 - http-outgoing-1 << "Content-Type:application/json; charset=utf-8[\r][\n]"
16:00:27,963 DEBUG org.apache.http.wire<strong><strong>{1}</strong></strong>:72 - http-outgoing-1 << "Connection:close[\r][\n]"
16:00:27,963 DEBUG org.apache.http.wire<strong><strong>{1}</strong></strong>:72 - http-outgoing-1 << "[\r][\n]"
16:00:27,963 DEBUG org.apache.http.wire<strong><strong>{1}</strong></strong>:86 - http-outgoing-1 << "{"sessionId":"578fb60d6ce7b5c40b832505ac67c34c","status":0,"value":null}"
16:00:27,963 DEBUG org.apache.http.headers<strong><strong>{1}</strong></strong>:113 - http-outgoing-1 << HTTP/1.1 200 OK
16:00:27,964 DEBUG org.apache.http.headers<strong><strong>{1}</strong></strong>:116 - http-outgoing-1 << Content-Length:72
16:00:27,964 DEBUG org.apache.http.headers<strong><strong>{1}</strong></strong>:116 - http-outgoing-1 << Content-Type:application/json; charset=utf-8
16:00:27,964 DEBUG org.apache.http.headers<strong><strong>{1}</strong></strong>:116 - http-outgoing-1 << Connection:close
16:00:27,964 DEBUG org.apache.http.impl.conn.DefaultManagedHttpClientConnection<strong><strong>{1}</strong></strong>:87 - http-outgoing-1: Shutdown connection
16:00:27,965 DEBUG org.apache.http.impl.execchain.MainClientExec<strong><strong>{1}</strong></strong>:128 - Connection discarded
16:00:27,965 DEBUG org.apache.http.impl.conn.DefaultManagedHttpClientConnection<strong><strong>{1}</strong></strong>:79 - http-outgoing-1: Close connection
16:00:27,965 DEBUG org.apache.http.impl.conn.PoolingHttpClientConnectionManager<strong><strong>{1}</strong></strong>:320 - Connection released: [id: 1][route: {}->http://localhost:1648][total kept alive: 0; route allocated: 0 of 2000; total allocated: 0 of 2000]
16:00:27,971 DEBUG org.apache.http.client.protocol.RequestAddCookies<strong><strong>{1}</strong></strong>:122 - CookieSpec selected: default
16:00:27,971 DEBUG org.apache.http.client.protocol.RequestAuthCache<strong><strong>{1}</strong></strong>:76 - Auth cache not set in the context
16:00:27,971 DEBUG org.apache.http.impl.conn.PoolingHttpClientConnectionManager<strong><strong>{1}</strong></strong>:249 - Connection request: [route: {}->http://localhost:1648][total kept alive: 0; route allocated: 0 of 2000; total allocated: 0 of 2000]
16:00:27,972 DEBUG org.apache.http.impl.conn.PoolingHttpClientConnectionManager<strong><strong>{1}</strong></strong>:282 - Connection leased: [id: 2][route: {}->http://localhost:1648][total kept alive: 0; route allocated: 1 of 2000; total allocated: 1 of 2000]
16:00:27,972 DEBUG org.apache.http.impl.execchain.MainClientExec<strong><strong>{1}</strong></strong>:234 - Opening connection {}->http://localhost:1648
16:00:27,972 DEBUG org.apache.http.impl.conn.DefaultHttpClientConnectionOperator<strong><strong>{1}</strong></strong>:131 - Connecting to localhost/127.0.0.1:1648
16:00:27,973 DEBUG org.apache.http.impl.conn.DefaultHttpClientConnectionOperator<strong><strong>{1}</strong></strong>:138 - Connection established 127.0.0.1:58020<->127.0.0.1:1648
16:00:27,973 DEBUG org.apache.http.impl.execchain.MainClientExec<strong><strong>{1}</strong></strong>:255 - Executing request POST /session/578fb60d6ce7b5c40b832505ac67c34c/window/current/maximize HTTP/1.1
16:00:27,973 DEBUG org.apache.http.impl.execchain.MainClientExec<strong><strong>{1}</strong></strong>:260 - Target auth state: UNCHALLENGED
16:00:27,973 DEBUG org.apache.http.impl.execchain.MainClientExec<strong><strong>{1}</strong></strong>:266 - Proxy auth state: UNCHALLENGED
16:00:27,973 DEBUG org.apache.http.headers<strong><strong>{1}</strong></strong>:124 - http-outgoing-2 >> POST /session/578fb60d6ce7b5c40b832505ac67c34c/window/current/maximize HTTP/1.1
16:00:27,974 DEBUG org.apache.http.headers<strong><strong>{1}</strong></strong>:127 - http-outgoing-2 >> Content-Type: application/json; charset=utf-8
16:00:27,974 DEBUG org.apache.http.headers<strong><strong>{1}</strong></strong>:127 - http-outgoing-2 >> Content-Length: 26
16:00:27,974 DEBUG org.apache.http.headers<strong><strong>{1}</strong></strong>:127 - http-outgoing-2 >> Host: localhost:1648
16:00:27,974 DEBUG org.apache.http.headers<strong><strong>{1}</strong></strong>:127 - http-outgoing-2 >> Connection: Keep-Alive
16:00:27,974 DEBUG org.apache.http.headers<strong><strong>{1}</strong></strong>:127 - http-outgoing-2 >> User-Agent: Apache-HttpClient/4.4.1 (Java/1.8.0_65)
16:00:27,974 DEBUG org.apache.http.headers<strong><strong>{1}</strong></strong>:127 - http-outgoing-2 >> Accept-Encoding: gzip,deflate
16:00:27,975 DEBUG org.apache.http.wire<strong><strong>{1}</strong></strong>:72 - http-outgoing-2 >> "POST /session/578fb60d6ce7b5c40b832505ac67c34c/window/current/maximize HTTP/1.1[\r][\n]"
16:00:27,975 DEBUG org.apache.http.wire<strong><strong>{1}</strong></strong>:72 - http-outgoing-2 >> "Content-Type: application/json; charset=utf-8[\r][\n]"
16:00:27,975 DEBUG org.apache.http.wire<strong><strong>{1}</strong></strong>:72 - http-outgoing-2 >> "Content-Length: 26[\r][\n]"
16:00:27,975 DEBUG org.apache.http.wire<strong><strong>{1}</strong></strong>:72 - http-outgoing-2 >> "Host: localhost:1648[\r][\n]"
16:00:27,975 DEBUG org.apache.http.wire<strong><strong>{1}</strong></strong>:72 - http-outgoing-2 >> "Connection: Keep-Alive[\r][\n]"
16:00:27,975 DEBUG org.apache.http.wire<strong><strong>{1}</strong></strong>:72 - http-outgoing-2 >> "User-Agent: Apache-HttpClient/4.4.1 (Java/1.8.0_65)[\r][\n]"
16:00:27,976 DEBUG org.apache.http.wire<strong><strong>{1}</strong></strong>:72 - http-outgoing-2 >> "Accept-Encoding: gzip,deflate[\r][\n]"
16:00:27,976 DEBUG org.apache.http.wire<strong><strong>{1}</strong></strong>:72 - http-outgoing-2 >> "[\r][\n]"
16:00:27,976 DEBUG org.apache.http.wire<strong><strong>{1}</strong></strong>:86 - http-outgoing-2 >> "{"windowHandle":"current"}"
16:00:28,137 DEBUG org.apache.http.wire<strong><strong>{1}</strong></strong>:72 - http-outgoing-2 << "HTTP/1.1 200 OK[\r][\n]"
16:00:28,137 DEBUG org.apache.http.wire<strong><strong>{1}</strong></strong>:72 - http-outgoing-2 << "Content-Length:72[\r][\n]"
16:00:28,138 DEBUG org.apache.http.wire<strong><strong>{1}</strong></strong>:72 - http-outgoing-2 << "Content-Type:application/json; charset=utf-8[\r][\n]"
16:00:28,138 DEBUG org.apache.http.wire<strong><strong>{1}</strong></strong>:72 - http-outgoing-2 << "Connection:close[\r][\n]"
16:00:28,138 DEBUG org.apache.http.wire<strong><strong>{1}</strong></strong>:72 - http-outgoing-2 << "[\r][\n]"
16:00:28,138 DEBUG org.apache.http.wire<strong><strong>{1}</strong></strong>:86 - http-outgoing-2 << "{"sessionId":"578fb60d6ce7b5c40b832505ac67c34c","status":0,"value":null}"
16:00:28,138 DEBUG org.apache.http.headers<strong><strong>{1}</strong></strong>:113 - http-outgoing-2 << HTTP/1.1 200 OK
16:00:28,138 DEBUG org.apache.http.headers<strong><strong>{1}</strong></strong>:116 - http-outgoing-2 << Content-Length:72
16:00:28,139 DEBUG org.apache.http.headers<strong><strong>{1}</strong></strong>:116 - http-outgoing-2 << Content-Type:application/json; charset=utf-8
16:00:28,139 DEBUG org.apache.http.headers<strong><strong>{1}</strong></strong>:116 - http-outgoing-2 << Connection:close
16:00:28,139 DEBUG org.apache.http.impl.conn.DefaultManagedHttpClientConnection<strong><strong>{1}</strong></strong>:87 - http-outgoing-2: Shutdown connection
16:00:28,139 DEBUG org.apache.http.impl.execchain.MainClientExec<strong><strong>{1}</strong></strong>:128 - Connection discarded
16:00:28,139 DEBUG org.apache.http.impl.conn.DefaultManagedHttpClientConnection<strong><strong>{1}</strong></strong>:79 - http-outgoing-2: Close connection
16:00:28,139 DEBUG org.apache.http.impl.conn.PoolingHttpClientConnectionManager<strong><strong>{1}</strong></strong>:320 - Connection released: [id: 2][route: {}->http://localhost:1648][total kept alive: 0; route allocated: 0 of 2000; total allocated: 0 of 2000]
16:00:28,140 DEBUG root<strong><strong>{1}</strong></strong>:54 - Clicking on the element with xpath : .//*[@id='pincodeSalienceComponent']/div[2]/i
16:00:28,145 DEBUG org.apache.http.client.protocol.RequestAddCookies<strong><strong>{1}</strong></strong>:122 - CookieSpec selected: default
16:00:28,145 DEBUG org.apache.http.client.protocol.RequestAuthCache<strong><strong>{1}</strong></strong>:76 - Auth cache not set in the context
16:00:28,146 DEBUG org.apache.http.impl.conn.PoolingHttpClientConnectionManager<strong><strong>{1}</strong></strong>:249 - Connection request: [route: {}->http://localhost:1648][total kept alive: 0; route allocated: 0 of 2000; total allocated: 0 of 2000]
16:00:28,146 DEBUG org.apache.http.impl.conn.PoolingHttpClientConnectionManager<strong><strong>{1}</strong></strong>:282 - Connection leased: [id: 3][route: {}->http://localhost:1648][total kept alive: 0; route allocated: 1 of 2000; total allocated: 1 of 2000]
16:00:28,146 DEBUG org.apache.http.impl.execchain.MainClientExec<strong><strong>{1}</strong></strong>:234 - Opening connection {}->http://localhost:1648
16:00:28,146 DEBUG org.apache.http.impl.conn.DefaultHttpClientConnectionOperator<strong><strong>{1}</strong></strong>:131 - Connecting to localhost/127.0.0.1:1648
16:00:28,147 DEBUG org.apache.http.impl.conn.DefaultHttpClientConnectionOperator<strong><strong>{1}</strong></strong>:138 - Connection established 127.0.0.1:58026<->127.0.0.1:1648
16:00:28,147 DEBUG org.apache.http.impl.execchain.MainClientExec<strong><strong>{1}</strong></strong>:255 - Executing request POST /session/578fb60d6ce7b5c40b832505ac67c34c/element HTTP/1.1
16:00:28,147 DEBUG org.apache.http.impl.execchain.MainClientExec<strong><strong>{1}</strong></strong>:260 - Target auth state: UNCHALLENGED
16:00:28,147 DEBUG org.apache.http.impl.execchain.MainClientExec<strong><strong>{1}</strong></strong>:266 - Proxy auth state: UNCHALLENGED
16:00:28,147 DEBUG org.apache.http.headers<strong><strong>{1}</strong></strong>:124 - http-outgoing-3 >> POST /session/578fb60d6ce7b5c40b832505ac67c34c/element HTTP/1.1
16:00:28,147 DEBUG org.apache.http.headers<strong><strong>{1}</strong></strong>:127 - http-outgoing-3 >> Content-Type: application/json; charset=utf-8
16:00:28,147 DEBUG org.apache.http.headers<strong><strong>{1}</strong></strong>:127 - http-outgoing-3 >> Content-Length: 73
16:00:28,148 DEBUG org.apache.http.headers<strong><strong>{1}</strong></strong>:127 - http-outgoing-3 >> Host: localhost:1648
16:00:28,148 DEBUG org.apache.http.headers<strong><strong>{1}</strong></strong>:127 - http-outgoing-3 >> Connection: Keep-Alive
16:00:28,148 DEBUG org.apache.http.headers<strong><strong>{1}</strong></strong>:127 - http-outgoing-3 >> User-Agent: Apache-HttpClient/4.4.1 (Java/1.8.0_65)
16:00:28,148 DEBUG org.apache.http.headers<strong><strong>{1}</strong></strong>:127 - http-outgoing-3 >> Accept-Encoding: gzip,deflate
16:00:28,148 DEBUG org.apache.http.wire<strong><strong>{1}</strong></strong>:72 - http-outgoing-3 >> "POST /session/578fb60d6ce7b5c40b832505ac67c34c/element HTTP/1.1[\r][\n]"
16:00:28,148 DEBUG org.apache.http.wire<strong><strong>{1}</strong></strong>:72 - http-outgoing-3 >> "Content-Type: application/json; charset=utf-8[\r][\n]"
16:00:28,148 DEBUG org.apache.http.wire<strong><strong>{1}</strong></strong>:72 - http-outgoing-3 >> "Content-Length: 73[\r][\n]"
16:00:28,148 DEBUG org.apache.http.wire<strong><strong>{1}</strong></strong>:72 - http-outgoing-3 >> "Host: localhost:1648[\r][\n]"
16:00:28,148 DEBUG org.apache.http.wire<strong><strong>{1}</strong></strong>:72 - http-outgoing-3 >> "Connection: Keep-Alive[\r][\n]"
16:00:28,149 DEBUG org.apache.http.wire<strong><strong>{1}</strong></strong>:72 - http-outgoing-3 >> "User-Agent: Apache-HttpClient/4.4.1 (Java/1.8.0_65)[\r][\n]"
16:00:28,149 DEBUG org.apache.http.wire<strong><strong>{1}</strong></strong>:72 - http-outgoing-3 >> "Accept-Encoding: gzip,deflate[\r][\n]"
16:00:28,149 DEBUG org.apache.http.wire<strong><strong>{1}</strong></strong>:72 - http-outgoing-3 >> "[\r][\n]"
16:00:28,149 DEBUG org.apache.http.wire<strong><strong>{1}</strong></strong>:86 - http-outgoing-3 >> "{"using":"xpath","value":".//*[@id='pincodeSalienceComponent']/div[2]/i"}"
16:00:28,288 DEBUG org.apache.http.wire<strong><strong>{1}</strong></strong>:72 - http-outgoing-3 << "HTTP/1.1 200 OK[\r][\n]"
16:00:28,289 DEBUG org.apache.http.wire<strong><strong>{1}</strong></strong>:72 - http-outgoing-3 << "Content-Length:102[\r][\n]"
16:00:28,289 DEBUG org.apache.http.wire<strong><strong>{1}</strong></strong>:72 - http-outgoing-3 << "Content-Type:application/json; charset=utf-8[\r][\n]"
16:00:28,289 DEBUG org.apache.http.wire<strong><strong>{1}</strong></strong>:72 - http-outgoing-3 << "Connection:close[\r][\n]"
16:00:28,289 DEBUG org.apache.http.wire<strong><strong>{1}</strong></strong>:72 - http-outgoing-3 << "[\r][\n]"
16:00:28,289 DEBUG org.apache.http.wire<strong><strong>{1}</strong></strong>:86 - http-outgoing-3 << "{"sessionId":"578fb60d6ce7b5c40b832505ac67c34c","status":0,"value":{"ELEMENT":"0.1292736262548715-1"}}"
16:00:28,290 DEBUG org.apache.http.headers<strong><strong>{1}</strong></strong>:113 - http-outgoing-3 << HTTP/1.1 200 OK
16:00:28,290 DEBUG org.apache.http.headers<strong><strong>{1}</strong></strong>:116 - http-outgoing-3 << Content-Length:102
16:00:28,290 DEBUG org.apache.http.headers<strong><strong>{1}</strong></strong>:116 - http-outgoing-3 << Content-Type:application/json; charset=utf-8
16:00:28,290 DEBUG org.apache.http.headers<strong><strong>{1}</strong></strong>:116 - http-outgoing-3 << Connection:close
16:00:28,290 DEBUG org.apache.http.impl.conn.DefaultManagedHttpClientConnection<strong><strong>{1}</strong></strong>:87 - http-outgoing-3: Shutdown connection
16:00:28,291 DEBUG org.apache.http.impl.execchain.MainClientExec<strong><strong>{1}</strong></strong>:128 - Connection discarded
16:00:28,291 DEBUG org.apache.http.impl.conn.DefaultManagedHttpClientConnection<strong><strong>{1}</strong></strong>:79 - http-outgoing-3: Close connection
16:00:28,291 DEBUG org.apache.http.impl.conn.PoolingHttpClientConnectionManager<strong><strong>{1}</strong></strong>:320 - Connection released: [id: 3][route: {}->http://localhost:1648][total kept alive: 0; route allocated: 0 of 2000; total allocated: 0 of 2000]
16:00:28,296 DEBUG org.apache.http.client.protocol.RequestAddCookies<strong><strong>{1}</strong></strong>:122 - CookieSpec selected: default
16:00:28,296 DEBUG org.apache.http.client.protocol.RequestAuthCache<strong><strong>{1}</strong></strong>:76 - Auth cache not set in the context
16:00:28,297 DEBUG org.apache.http.impl.conn.PoolingHttpClientConnectionManager<strong><strong>{1}</strong></strong>:249 - Connection request: [route: {}->http://localhost:1648][total kept alive: 0; route allocated: 0 of 2000; total allocated: 0 of 2000]
16:00:28,297 DEBUG org.apache.http.impl.conn.PoolingHttpClientConnectionManager<strong><strong>{1}</strong></strong>:282 - Connection leased: [id: 4][route: {}->http://localhost:1648][total kept alive: 0; route allocated: 1 of 2000; total allocated: 1 of 2000]
16:00:28,297 DEBUG org.apache.http.impl.execchain.MainClientExec<strong><strong>{1}</strong></strong>:234 - Opening connection {}->http://localhost:1648
16:00:28,298 DEBUG org.apache.http.impl.conn.DefaultHttpClientConnectionOperator<strong><strong>{1}</strong></strong>:131 - Connecting to localhost/127.0.0.1:1648
16:00:28,299 DEBUG org.apache.http.impl.conn.DefaultHttpClientConnectionOperator<strong><strong>{1}</strong></strong>:138 - Connection established 127.0.0.1:58030<->127.0.0.1:1648
16:00:28,299 DEBUG org.apache.http.impl.execchain.MainClientExec<strong><strong>{1}</strong></strong>:255 - Executing request POST /session/578fb60d6ce7b5c40b832505ac67c34c/element/0.1292736262548715-1/click HTTP/1.1
16:00:28,299 DEBUG org.apache.http.impl.execchain.MainClientExec<strong><strong>{1}</strong></strong>:260 - Target auth state: UNCHALLENGED
16:00:28,300 DEBUG org.apache.http.impl.execchain.MainClientExec<strong><strong>{1}</strong></strong>:266 - Proxy auth state: UNCHALLENGED
16:00:28,302 DEBUG org.apache.http.headers<strong><strong>{1}</strong></strong>:124 - http-outgoing-4 >> POST /session/578fb60d6ce7b5c40b832505ac67c34c/element/0.1292736262548715-1/click HTTP/1.1
16:00:28,302 DEBUG org.apache.http.headers<strong><strong>{1}</strong></strong>:127 - http-outgoing-4 >> Content-Type: application/json; charset=utf-8
16:00:28,302 DEBUG org.apache.http.headers<strong><strong>{1}</strong></strong>:127 - http-outgoing-4 >> Content-Length: 29
16:00:28,302 DEBUG org.apache.http.headers<strong><strong>{1}</strong></strong>:127 - http-outgoing-4 >> Host: localhost:1648
16:00:28,302 DEBUG org.apache.http.headers<strong><strong>{1}</strong></strong>:127 - http-outgoing-4 >> Connection: Keep-Alive
16:00:28,303 DEBUG org.apache.http.headers<strong><strong>{1}</strong></strong>:127 - http-outgoing-4 >> User-Agent: Apache-HttpClient/4.4.1 (Java/1.8.0_65)
16:00:28,303 DEBUG org.apache.http.headers<strong><strong>{1}</strong></strong>:127 - http-outgoing-4 >> Accept-Encoding: gzip,deflate
16:00:28,303 DEBUG org.apache.http.wire<strong><strong>{1}</strong></strong>:72 - http-outgoing-4 >> "POST /session/578fb60d6ce7b5c40b832505ac67c34c/element/0.1292736262548715-1/click HTTP/1.1[\r][\n]"
16:00:28,303 DEBUG org.apache.http.wire<strong><strong>{1}</strong></strong>:72 - http-outgoing-4 >> "Content-Type: application/json; charset=utf-8[\r][\n]"
16:00:28,303 DEBUG org.apache.http.wire<strong><strong>{1}</strong></strong>:72 - http-outgoing-4 >> "Content-Length: 29[\r][\n]"
16:00:28,303 DEBUG org.apache.http.wire<strong><strong>{1}</strong></strong>:72 - http-outgoing-4 >> "Host: localhost:1648[\r][\n]"
16:00:28,304 DEBUG org.apache.http.wire<strong><strong>{1}</strong></strong>:72 - http-outgoing-4 >> "Connection: Keep-Alive[\r][\n]"
16:00:28,304 DEBUG org.apache.http.wire<strong><strong>{1}</strong></strong>:72 - http-outgoing-4 >> "User-Agent: Apache-HttpClient/4.4.1 (Java/1.8.0_65)[\r][\n]"
16:00:28,304 DEBUG org.apache.http.wire<strong><strong>{1}</strong></strong>:72 - http-outgoing-4 >> "Accept-Encoding: gzip,deflate[\r][\n]"
16:00:28,304 DEBUG org.apache.http.wire<strong><strong>{1}</strong></strong>:72 - http-outgoing-4 >> "[\r][\n]"
16:00:28,304 DEBUG org.apache.http.wire<strong><strong>{1}</strong></strong>:86 - http-outgoing-4 >> "{"id":"0.1292736262548715-1"}"
16:00:28,421 DEBUG org.apache.http.wire<strong><strong>{1}</strong></strong>:72 - http-outgoing-4 << "HTTP/1.1 200 OK[\r][\n]"
16:00:28,423 DEBUG org.apache.http.wire<strong><strong>{1}</strong></strong>:72 - http-outgoing-4 << "Content-Length:72[\r][\n]"
16:00:28,423 DEBUG org.apache.http.wire<strong><strong>{1}</strong></strong>:72 - http-outgoing-4 << "Content-Type:application/json; charset=utf-8[\r][\n]"
16:00:28,423 DEBUG org.apache.http.wire<strong><strong>{1}</strong></strong>:72 - http-outgoing-4 << "Connection:close[\r][\n]"
16:00:28,423 DEBUG org.apache.http.wire<strong><strong>{1}</strong></strong>:72 - http-outgoing-4 << "[\r][\n]"
16:00:28,423 DEBUG org.apache.http.wire<strong><strong>{1}</strong></strong>:86 - http-outgoing-4 << "{"sessionId":"578fb60d6ce7b5c40b832505ac67c34c","status":0,"value":null}"
16:00:28,424 DEBUG org.apache.http.headers<strong><strong>{1}</strong></strong>:113 - http-outgoing-4 << HTTP/1.1 200 OK
16:00:28,424 DEBUG org.apache.http.headers<strong><strong>{1}</strong></strong>:116 - http-outgoing-4 << Content-Length:72
16:00:28,424 DEBUG org.apache.http.headers<strong><strong>{1}</strong></strong>:116 - http-outgoing-4 << Content-Type:application/json; charset=utf-8
16:00:28,424 DEBUG org.apache.http.headers<strong><strong>{1}</strong></strong>:116 - http-outgoing-4 << Connection:close
16:00:28,425 DEBUG org.apache.http.impl.conn.DefaultManagedHttpClientConnection<strong><strong>{1}</strong></strong>:87 - http-outgoing-4: Shutdown connection
16:00:28,425 DEBUG org.apache.http.impl.execchain.MainClientExec<strong><strong>{1}</strong></strong>:128 - Connection discarded
16:00:28,425 DEBUG org.apache.http.impl.conn.DefaultManagedHttpClientConnection<strong><strong>{1}</strong></strong>:79 - http-outgoing-4: Close connection
16:00:28,425 DEBUG org.apache.http.impl.conn.PoolingHttpClientConnectionManager<strong><strong>{1}</strong></strong>:320 - Connection released: [id: 4][route: {}->http://localhost:1648][total kept alive: 0; route allocated: 0 of 2000; total allocated: 0 of 2000]
16:00:28,427 DEBUG root<strong><strong>{1}</strong></strong>:54 - Clicking on the element with xpath : .//*[@id='sdHeader']/section/div/span[5]/span[1]/button
16:00:28,429 DEBUG org.apache.http.client.protocol.RequestAddCookies<strong><strong>{1}</strong></strong>:122 - CookieSpec selected: default
16:00:28,429 DEBUG org.apache.http.client.protocol.RequestAuthCache<strong><strong>{1}</strong></strong>:76 - Auth cache not set in the context
16:00:28,429 DEBUG org.apache.http.impl.conn.PoolingHttpClientConnectionManager<strong><strong>{1}</strong></strong>:249 - Connection request: [route: {}->http://localhost:1648][total kept alive: 0; route allocated: 0 of 2000; total allocated: 0 of 2000]
16:00:28,430 DEBUG org.apache.http.impl.conn.PoolingHttpClientConnectionManager<strong><strong>{1}</strong></strong>:282 - Connection leased: [id: 5][route: {}->http://localhost:1648][total kept alive: 0; route allocated: 1 of 2000; total allocated: 1 of 2000]
16:00:28,430 DEBUG org.apache.http.impl.execchain.MainClientExec<strong><strong>{1}</strong></strong>:234 - Opening connection {}->http://localhost:1648
16:00:28,430 DEBUG org.apache.http.impl.conn.DefaultHttpClientConnectionOperator<strong><strong>{1}</strong></strong>:131 - Connecting to localhost/127.0.0.1:1648
16:00:28,431 DEBUG org.apache.http.impl.conn.DefaultHttpClientConnectionOperator<strong><strong>{1}</strong></strong>:138 - Connection established 127.0.0.1:58031<->127.0.0.1:1648
16:00:28,431 DEBUG org.apache.http.impl.execchain.MainClientExec<strong><strong>{1}</strong></strong>:255 - Executing request POST /session/578fb60d6ce7b5c40b832505ac67c34c/element HTTP/1.1
16:00:28,431 DEBUG org.apache.http.impl.execchain.MainClientExec<strong><strong>{1}</strong></strong>:260 - Target auth state: UNCHALLENGED
16:00:28,431 DEBUG org.apache.http.impl.execchain.MainClientExec<strong><strong>{1}</strong></strong>:266 - Proxy auth state: UNCHALLENGED
16:00:28,432 DEBUG org.apache.http.headers<strong><strong>{1}</strong></strong>:124 - http-outgoing-5 >> POST /session/578fb60d6ce7b5c40b832505ac67c34c/element HTTP/1.1
16:00:28,432 DEBUG org.apache.http.headers<strong><strong>{1}</strong></strong>:127 - http-outgoing-5 >> Content-Type: application/json; charset=utf-8
16:00:28,432 DEBUG org.apache.http.headers<strong><strong>{1}</strong></strong>:127 - http-outgoing-5 >> Content-Length: 83
16:00:28,432 DEBUG org.apache.http.headers<strong><strong>{1}</strong></strong>:127 - http-outgoing-5 >> Host: localhost:1648
16:00:28,432 DEBUG org.apache.http.headers<strong><strong>{1}</strong></strong>:127 - http-outgoing-5 >> Connection: Keep-Alive
16:00:28,432 DEBUG org.apache.http.headers<strong><strong>{1}</strong></strong>:127 - http-outgoing-5 >> User-Agent: Apache-HttpClient/4.4.1 (Java/1.8.0_65)
16:00:28,432 DEBUG org.apache.http.headers<strong><strong>{1}</strong></strong>:127 - http-outgoing-5 >> Accept-Encoding: gzip,deflate
16:00:28,433 DEBUG org.apache.http.wire<strong><strong>{1}</strong></strong>:72 - http-outgoing-5 >> "POST /session/578fb60d6ce7b5c40b832505ac67c34c/element HTTP/1.1[\r][\n]"
16:00:28,433 DEBUG org.apache.http.wire<strong><strong>{1}</strong></strong>:72 - http-outgoing-5 >> "Content-Type: application/json; charset=utf-8[\r][\n]"
16:00:28,433 DEBUG org.apache.http.wire<strong><strong>{1}</strong></strong>:72 - http-outgoing-5 >> "Content-Length: 83[\r][\n]"
16:00:28,433 DEBUG org.apache.http.wire<strong><strong>{1}</strong></strong>:72 - http-outgoing-5 >> "Host: localhost:1648[\r][\n]"
16:00:28,433 DEBUG org.apache.http.wire<strong><strong>{1}</strong></strong>:72 - http-outgoing-5 >> "Connection: Keep-Alive[\r][\n]"
16:00:28,433 DEBUG org.apache.http.wire<strong><strong>{1}</strong></strong>:72 - http-outgoing-5 >> "User-Agent: Apache-HttpClient/4.4.1 (Java/1.8.0_65)[\r][\n]"
16:00:28,433 DEBUG org.apache.http.wire<strong><strong>{1}</strong></strong>:72 - http-outgoing-5 >> "Accept-Encoding: gzip,deflate[\r][\n]"
16:00:28,434 DEBUG org.apache.http.wire<strong><strong>{1}</strong></strong>:72 - http-outgoing-5 >> "[\r][\n]"
16:00:28,434 DEBUG org.apache.http.wire<strong><strong>{1}</strong></strong>:86 - http-outgoing-5 >> "{"using":"xpath","value":".//*[@id='sdHeader']/section/div/span[5]/span[1]/button"}"
16:00:28,482 DEBUG org.apache.http.wire<strong><strong>{1}</strong></strong>:72 - http-outgoing-5 << "HTTP/1.1 200 OK[\r][\n]"
16:00:28,482 DEBUG org.apache.http.wire<strong><strong>{1}</strong></strong>:72 - http-outgoing-5 << "Content-Length:213[\r][\n]"
16:00:28,482 DEBUG org.apache.http.wire<strong><strong>{1}</strong></strong>:72 - http-outgoing-5 << "Content-Type:application/json; charset=utf-8[\r][\n]"
16:00:28,482 DEBUG org.apache.http.wire<strong><strong>{1}</strong></strong>:72 - http-outgoing-5 << "Connection:close[\r][\n]"
16:00:28,482 DEBUG org.apache.http.wire<strong><strong>{1}</strong></strong>:72 - http-outgoing-5 << "[\r][\n]"
16:00:28,482 DEBUG org.apache.http.wire<strong><strong>{1}</strong></strong>:86 - http-outgoing-5 << "{"sessionId":"578fb60d6ce7b5c40b832505ac67c34c","status":7,"value":{"message":"no such element\n  (Session info: chrome=48.0.2564.97)\n  (Driver info: chromedriver=2.9.248315,platform=Windows NT 6.1 SP1 x86_64)"}}"
16:00:28,483 DEBUG org.apache.http.headers<strong><strong>{1}</strong></strong>:113 - http-outgoing-5 << HTTP/1.1 200 OK
16:00:28,483 DEBUG org.apache.http.headers<strong><strong>{1}</strong></strong>:116 - http-outgoing-5 << Content-Length:213
16:00:28,483 DEBUG org.apache.http.headers<strong><strong>{1}</strong></strong>:116 - http-outgoing-5 << Content-Type:application/json; charset=utf-8
16:00:28,483 DEBUG org.apache.http.headers<strong><strong>{1}</strong></strong>:116 - http-outgoing-5 << Connection:close
16:00:28,483 DEBUG org.apache.http.impl.conn.DefaultManagedHttpClientConnection<strong><strong>{1}</strong></strong>:87 - http-outgoing-5: Shutdown connection
16:00:28,483 DEBUG org.apache.http.impl.execchain.MainClientExec<strong><strong>{1}</strong></strong>:128 - Connection discarded
16:00:28,483 DEBUG org.apache.http.impl.conn.DefaultManagedHttpClientConnection<strong><strong>{1}</strong></strong>:79 - http-outgoing-5: Close connection
16:00:28,484 DEBUG org.apache.http.impl.conn.PoolingHttpClientConnectionManager<strong><strong>{1}</strong></strong>:320 - Connection released: [id: 5][route: {}->http://localhost:1648][total kept alive: 0; route allocated: 0 of 2000; total allocated: 0 of 2000]
16:00:28,485 ERROR Main<strong><strong>{1}</strong></strong>:115 - Error in executing click with error :null
16:00:28,486 ERROR Main<strong><strong>{1}</strong></strong>:115 - Error in executing switchToLoginIFrame with error :wrong number of arguments
16:00:28,487 DEBUG root<strong><strong>{1}</strong></strong>:54 - Clicking on the element with xpath : .//*[@id='sdHeader']/section/div/span[5]/span[1]/button
16:00:28,488 DEBUG org.apache.http.client.protocol.RequestAddCookies<strong><strong>{1}</strong></strong>:122 - CookieSpec selected: default
16:00:28,488 DEBUG org.apache.http.client.protocol.RequestAuthCache<strong><strong>{1}</strong></strong>:76 - Auth cache not set in the context
16:00:28,488 DEBUG org.apache.http.impl.conn.PoolingHttpClientConnectionManager<strong><strong>{1}</strong></strong>:249 - Connection request: [route: {}->http://localhost:1648][total kept alive: 0; route allocated: 0 of 2000; total allocated: 0 of 2000]
16:00:28,488 DEBUG org.apache.http.impl.conn.PoolingHttpClientConnectionManager<strong><strong>{1}</strong></strong>:282 - Connection leased: [id: 6][route: {}->http://localhost:1648][total kept alive: 0; route allocated: 1 of 2000; total allocated: 1 of 2000]
16:00:28,488 DEBUG org.apache.http.impl.execchain.MainClientExec<strong><strong>{1}</strong></strong>:234 - Opening connection {}->http://localhost:1648
16:00:28,489 DEBUG org.apache.http.impl.conn.DefaultHttpClientConnectionOperator<strong><strong>{1}</strong></strong>:131 - Connecting to localhost/127.0.0.1:1648
16:00:28,490 DEBUG org.apache.http.impl.conn.DefaultHttpClientConnectionOperator<strong><strong>{1}</strong></strong>:138 - Connection established 127.0.0.1:58032<->127.0.0.1:1648
16:00:28,493 DEBUG org.apache.http.impl.execchain.MainClientExec<strong><strong>{1}</strong></strong>:255 - Executing request POST /session/578fb60d6ce7b5c40b832505ac67c34c/element HTTP/1.1
16:00:28,494 DEBUG org.apache.http.impl.execchain.MainClientExec<strong><strong>{1}</strong></strong>:260 - Target auth state: UNCHALLENGED
16:00:28,494 DEBUG org.apache.http.impl.execchain.MainClientExec<strong><strong>{1}</strong></strong>:266 - Proxy auth state: UNCHALLENGED
16:00:28,494 DEBUG org.apache.http.headers<strong><strong>{1}</strong></strong>:124 - http-outgoing-6 >> POST /session/578fb60d6ce7b5c40b832505ac67c34c/element HTTP/1.1
16:00:28,495 DEBUG org.apache.http.headers<strong><strong>{1}</strong></strong>:127 - http-outgoing-6 >> Content-Type: application/json; charset=utf-8
16:00:28,495 DEBUG org.apache.http.headers<strong><strong>{1}</strong></strong>:127 - http-outgoing-6 >> Content-Length: 83
16:00:28,495 DEBUG org.apache.http.headers<strong><strong>{1}</strong></strong>:127 - http-outgoing-6 >> Host: localhost:1648
16:00:28,495 DEBUG org.apache.http.headers<strong><strong>{1}</strong></strong>:127 - http-outgoing-6 >> Connection: Keep-Alive
16:00:28,495 DEBUG org.apache.http.headers<strong><strong>{1}</strong></strong>:127 - http-outgoing-6 >> User-Agent: Apache-HttpClient/4.4.1 (Java/1.8.0_65)
16:00:28,495 DEBUG org.apache.http.headers<strong><strong>{1}</strong></strong>:127 - http-outgoing-6 >> Accept-Encoding: gzip,deflate
16:00:28,495 DEBUG org.apache.http.wire<strong><strong>{1}</strong></strong>:72 - http-outgoing-6 >> "POST /session/578fb60d6ce7b5c40b832505ac67c34c/element HTTP/1.1[\r][\n]"
16:00:28,496 DEBUG org.apache.http.wire<strong><strong>{1}</strong></strong>:72 - http-outgoing-6 >> "Content-Type: application/json; charset=utf-8[\r][\n]"
16:00:28,496 DEBUG org.apache.http.wire<strong><strong>{1}</strong></strong>:72 - http-outgoing-6 >> "Content-Length: 83[\r][\n]"
16:00:28,496 DEBUG org.apache.http.wire<strong><strong>{1}</strong></strong>:72 - http-outgoing-6 >> "Host: localhost:1648[\r][\n]"
16:00:28,496 DEBUG org.apache.http.wire<strong><strong>{1}</strong></strong>:72 - http-outgoing-6 >> "Connection: Keep-Alive[\r][\n]"
16:00:28,496 DEBUG org.apache.http.wire<strong><strong>{1}</strong></strong>:72 - http-outgoing-6 >> "User-Agent: Apache-HttpClient/4.4.1 (Java/1.8.0_65)[\r][\n]"
16:00:28,500 DEBUG org.apache.http.wire<strong><strong>{1}</strong></strong>:72 - http-outgoing-6 >> "Accept-Encoding: gzip,deflate[\r][\n]"
16:00:28,501 DEBUG org.apache.http.wire<strong><strong>{1}</strong></strong>:72 - http-outgoing-6 >> "[\r][\n]"
16:00:28,502 DEBUG org.apache.http.wire<strong><strong>{1}</strong></strong>:86 - http-outgoing-6 >> "{"using":"xpath","value":".//*[@id='sdHeader']/section/div/span[5]/span[1]/button"}"
16:00:28,529 DEBUG org.apache.http.wire<strong><strong>{1}</strong></strong>:72 - http-outgoing-6 << "HTTP/1.1 200 OK[\r][\n]"
16:00:28,530 DEBUG org.apache.http.wire<strong><strong>{1}</strong></strong>:72 - http-outgoing-6 << "Content-Length:213[\r][\n]"
16:00:28,530 DEBUG org.apache.http.wire<strong><strong>{1}</strong></strong>:72 - http-outgoing-6 << "Content-Type:application/json; charset=utf-8[\r][\n]"
16:00:28,530 DEBUG org.apache.http.wire<strong><strong>{1}</strong></strong>:72 - http-outgoing-6 << "Connection:close[\r][\n]"
16:00:28,530 DEBUG org.apache.http.wire<strong><strong>{1}</strong></strong>:72 - http-outgoing-6 << "[\r][\n]"
16:00:28,531 DEBUG org.apache.http.wire<strong><strong>{1}</strong></strong>:86 - http-outgoing-6 << "{"sessionId":"578fb60d6ce7b5c40b832505ac67c34c","status":7,"value":{"message":"no such element\n  (Session info: chrome=48.0.2564.97)\n  (Driver info: chromedriver=2.9.248315,platform=Windows NT 6.1 SP1 x86_64)"}}"
16:00:28,531 DEBUG org.apache.http.headers<strong><strong>{1}</strong></strong>:113 - http-outgoing-6 << HTTP/1.1 200 OK
16:00:28,531 DEBUG org.apache.http.headers<strong><strong>{1}</strong></strong>:116 - http-outgoing-6 << Content-Length:213
16:00:28,531 DEBUG org.apache.http.headers<strong><strong>{1}</strong></strong>:116 - http-outgoing-6 << Content-Type:application/json; charset=utf-8
16:00:28,531 DEBUG org.apache.http.headers<strong><strong>{1}</strong></strong>:116 - http-outgoing-6 << Connection:close
16:00:28,532 DEBUG org.apache.http.impl.conn.DefaultManagedHttpClientConnection<strong><strong>{1}</strong></strong>:87 - http-outgoing-6: Shutdown connection
16:00:28,532 DEBUG org.apache.http.impl.execchain.MainClientExec<strong><strong>{1}</strong></strong>:128 - Connection discarded
16:00:28,532 DEBUG org.apache.http.impl.conn.DefaultManagedHttpClientConnection<strong><strong>{1}</strong></strong>:79 - http-outgoing-6: Close connection
16:00:28,532 DEBUG org.apache.http.impl.conn.PoolingHttpClientConnectionManager<strong><strong>{1}</strong></strong>:320 - Connection released: [id: 6][route: {}->http://localhost:1648][total kept alive: 0; route allocated: 0 of 2000; total allocated: 0 of 2000]
16:00:28,534 ERROR Main<strong><strong>{1}</strong></strong>:115 - Error in executing click with error :null
16:00:28,534 ERROR Main<strong><strong>{1}</strong></strong>:115 - Error in executing writeInput with error :wrong number of arguments
16:00:28,535 ERROR Main<strong><strong>{1}</strong></strong>:115 - Error in executing writeInput with error :wrong number of arguments
16:00:28,538 DEBUG root<strong><strong>{1}</strong></strong>:54 - Clicking on the element with xpath : .//*[@id='sdHeader']/section/div/span[5]/span[1]/button
16:00:28,540 DEBUG org.apache.http.client.protocol.RequestAddCookies<strong><strong>{1}</strong></strong>:122 - CookieSpec selected: default
16:00:28,540 DEBUG org.apache.http.client.protocol.RequestAuthCache<strong><strong>{1}</strong></strong>:76 - Auth cache not set in the context
16:00:28,540 DEBUG org.apache.http.impl.conn.PoolingHttpClientConnectionManager<strong><strong>{1}</strong></strong>:249 - Connection request: [route: {}->http://localhost:1648][total kept alive: 0; route allocated: 0 of 2000; total allocated: 0 of 2000]
16:00:28,541 DEBUG org.apache.http.impl.conn.PoolingHttpClientConnectionManager<strong><strong>{1}</strong></strong>:282 - Connection leased: [id: 7][route: {}->http://localhost:1648][total kept alive: 0; route allocated: 1 of 2000; total allocated: 1 of 2000]
16:00:28,541 DEBUG org.apache.http.impl.execchain.MainClientExec<strong><strong>{1}</strong></strong>:234 - Opening connection {}->http://localhost:1648
16:00:28,541 DEBUG org.apache.http.impl.conn.DefaultHttpClientConnectionOperator<strong><strong>{1}</strong></strong>:131 - Connecting to localhost/127.0.0.1:1648
16:00:28,542 DEBUG org.apache.http.impl.conn.DefaultHttpClientConnectionOperator<strong><strong>{1}</strong></strong>:138 - Connection established 127.0.0.1:58033<->127.0.0.1:1648
16:00:28,542 DEBUG org.apache.http.impl.execchain.MainClientExec<strong><strong>{1}</strong></strong>:255 - Executing request POST /session/578fb60d6ce7b5c40b832505ac67c34c/element HTTP/1.1
16:00:28,543 DEBUG org.apache.http.impl.execchain.MainClientExec<strong><strong>{1}</strong></strong>:260 - Target auth state: UNCHALLENGED
16:00:28,543 DEBUG org.apache.http.impl.execchain.MainClientExec<strong><strong>{1}</strong></strong>:266 - Proxy auth state: UNCHALLENGED
16:00:28,544 DEBUG org.apache.http.headers<strong><strong>{1}</strong></strong>:124 - http-outgoing-7 >> POST /session/578fb60d6ce7b5c40b832505ac67c34c/element HTTP/1.1
16:00:28,544 DEBUG org.apache.http.headers<strong><strong>{1}</strong></strong>:127 - http-outgoing-7 >> Content-Type: application/json; charset=utf-8
16:00:28,544 DEBUG org.apache.http.headers<strong><strong>{1}</strong></strong>:127 - http-outgoing-7 >> Content-Length: 83
16:00:28,544 DEBUG org.apache.http.headers<strong><strong>{1}</strong></strong>:127 - http-outgoing-7 >> Host: localhost:1648
16:00:28,545 DEBUG org.apache.http.headers<strong><strong>{1}</strong></strong>:127 - http-outgoing-7 >> Connection: Keep-Alive
16:00:28,545 DEBUG org.apache.http.headers<strong><strong>{1}</strong></strong>:127 - http-outgoing-7 >> User-Agent: Apache-HttpClient/4.4.1 (Java/1.8.0_65)
16:00:28,545 DEBUG org.apache.http.headers<strong><strong>{1}</strong></strong>:127 - http-outgoing-7 >> Accept-Encoding: gzip,deflate
16:00:28,545 DEBUG org.apache.http.wire<strong><strong>{1}</strong></strong>:72 - http-outgoing-7 >> "POST /session/578fb60d6ce7b5c40b832505ac67c34c/element HTTP/1.1[\r][\n]"
16:00:28,545 DEBUG org.apache.http.wire<strong><strong>{1}</strong></strong>:72 - http-outgoing-7 >> "Content-Type: application/json; charset=utf-8[\r][\n]"
16:00:28,545 DEBUG org.apache.http.wire<strong><strong>{1}</strong></strong>:72 - http-outgoing-7 >> "Content-Length: 83[\r][\n]"
16:00:28,546 DEBUG org.apache.http.wire<strong><strong>{1}</strong></strong>:72 - http-outgoing-7 >> "Host: localhost:1648[\r][\n]"
16:00:28,546 DEBUG org.apache.http.wire<strong><strong>{1}</strong></strong>:72 - http-outgoing-7 >> "Connection: Keep-Alive[\r][\n]"
16:00:28,546 DEBUG org.apache.http.wire<strong><strong>{1}</strong></strong>:72 - http-outgoing-7 >> "User-Agent: Apache-HttpClient/4.4.1 (Java/1.8.0_65)[\r][\n]"
16:00:28,546 DEBUG org.apache.http.wire<strong><strong>{1}</strong></strong>:72 - http-outgoing-7 >> "Accept-Encoding: gzip,deflate[\r][\n]"
16:00:28,546 DEBUG org.apache.http.wire<strong><strong>{1}</strong></strong>:72 - http-outgoing-7 >> "[\r][\n]"
16:00:28,546 DEBUG org.apache.http.wire<strong><strong>{1}</strong></strong>:86 - http-outgoing-7 >> "{"using":"xpath","value":".//*[@id='sdHeader']/section/div/span[5]/span[1]/button"}"
16:00:28,566 DEBUG org.apache.http.wire<strong><strong>{1}</strong></strong>:72 - http-outgoing-7 << "HTTP/1.1 200 OK[\r][\n]"
16:00:28,567 DEBUG org.apache.http.wire<strong><strong>{1}</strong></strong>:72 - http-outgoing-7 << "Content-Length:213[\r][\n]"
16:00:28,568 DEBUG org.apache.http.wire<strong><strong>{1}</strong></strong>:72 - http-outgoing-7 << "Content-Type:application/json; charset=utf-8[\r][\n]"
16:00:28,568 DEBUG org.apache.http.wire<strong><strong>{1}</strong></strong>:72 - http-outgoing-7 << "Connection:close[\r][\n]"
16:00:28,568 DEBUG org.apache.http.wire<strong><strong>{1}</strong></strong>:72 - http-outgoing-7 << "[\r][\n]"
16:00:28,568 DEBUG org.apache.http.wire<strong><strong>{1}</strong></strong>:86 - http-outgoing-7 << "{"sessionId":"578fb60d6ce7b5c40b832505ac67c34c","status":7,"value":{"message":"no such element\n  (Session info: chrome=48.0.2564.97)\n  (Driver info: chromedriver=2.9.248315,platform=Windows NT 6.1 SP1 x86_64)"}}"
16:00:28,569 DEBUG org.apache.http.headers<strong><strong>{1}</strong></strong>:113 - http-outgoing-7 << HTTP/1.1 200 OK
16:00:28,569 DEBUG org.apache.http.headers<strong><strong>{1}</strong></strong>:116 - http-outgoing-7 << Content-Length:213
16:00:28,569 DEBUG org.apache.http.headers<strong><strong>{1}</strong></strong>:116 - http-outgoing-7 << Content-Type:application/json; charset=utf-8
16:00:28,569 DEBUG org.apache.http.headers<strong><strong>{1}</strong></strong>:116 - http-outgoing-7 << Connection:close
16:00:28,569 DEBUG org.apache.http.impl.conn.DefaultManagedHttpClientConnection<strong><strong>{1}</strong></strong>:87 - http-outgoing-7: Shutdown connection
16:00:28,570 DEBUG org.apache.http.impl.execchain.MainClientExec<strong><strong>{1}</strong></strong>:128 - Connection discarded
16:00:28,570 DEBUG org.apache.http.impl.conn.DefaultManagedHttpClientConnection<strong><strong>{1}</strong></strong>:79 - http-outgoing-7: Close connection
16:00:28,570 DEBUG org.apache.http.impl.conn.PoolingHttpClientConnectionManager<strong><strong>{1}</strong></strong>:320 - Connection released: [id: 7][route: {}->http://localhost:1648][total kept alive: 0; route allocated: 0 of 2000; total allocated: 0 of 2000]
16:00:28,571 ERROR Main<strong><strong>{1}</strong></strong>:115 - Error in executing click with error :null
16:00:28,572 ERROR Main<strong><strong>{1}</strong></strong>:115 - Error in executing quitBrowser with error :wrong number of arguments
