INFO  - We are getting it now
INFO  - Opening the browser :chrome
DEBUG - CookieSpec selected: default
DEBUG - Auth cache not set in the context
DEBUG - Connection request: [route: {}->http://localhost:16767][total kept alive: 0; route allocated: 0 of 2000; total allocated: 0 of 2000]
DEBUG - Connection leased: [id: 0][route: {}->http://localhost:16767][total kept alive: 0; route allocated: 1 of 2000; total allocated: 1 of 2000]
DEBUG - Opening connection {}->http://localhost:16767
DEBUG - Connecting to localhost/127.0.0.1:16767
DEBUG - Connection established 127.0.0.1:64394<->127.0.0.1:16767
DEBUG - Executing request POST /session HTTP/1.1
DEBUG - Target auth state: UNCHALLENGED
DEBUG - Proxy auth state: UNCHALLENGED
DEBUG - http-outgoing-0 >> POST /session HTTP/1.1
DEBUG - http-outgoing-0 >> Content-Type: application/json; charset=utf-8
DEBUG - http-outgoing-0 >> Content-Length: 122
DEBUG - http-outgoing-0 >> Host: localhost:16767
DEBUG - http-outgoing-0 >> Connection: Keep-Alive
DEBUG - http-outgoing-0 >> User-Agent: Apache-HttpClient/4.4.1 (Java/1.8.0_65)
DEBUG - http-outgoing-0 >> Accept-Encoding: gzip,deflate
DEBUG - http-outgoing-0 >> "POST /session HTTP/1.1[\r][\n]"
DEBUG - http-outgoing-0 >> "Content-Type: application/json; charset=utf-8[\r][\n]"
DEBUG - http-outgoing-0 >> "Content-Length: 122[\r][\n]"
DEBUG - http-outgoing-0 >> "Host: localhost:16767[\r][\n]"
DEBUG - http-outgoing-0 >> "Connection: Keep-Alive[\r][\n]"
DEBUG - http-outgoing-0 >> "User-Agent: Apache-HttpClient/4.4.1 (Java/1.8.0_65)[\r][\n]"
DEBUG - http-outgoing-0 >> "Accept-Encoding: gzip,deflate[\r][\n]"
DEBUG - http-outgoing-0 >> "[\r][\n]"
DEBUG - http-outgoing-0 >> "{"desiredCapabilities":{"browserName":"chrome","chromeOptions":{"args":[],"extensions":[]},"version":"","platform":"ANY"}}"
DEBUG - http-outgoing-0 << "HTTP/1.1 200 OK[\r][\n]"
DEBUG - http-outgoing-0 << "Content-Length:561[\r][\n]"
DEBUG - http-outgoing-0 << "Content-Type:application/json; charset=utf-8[\r][\n]"
DEBUG - http-outgoing-0 << "Connection:close[\r][\n]"
DEBUG - http-outgoing-0 << "[\r][\n]"
DEBUG - http-outgoing-0 << "{"sessionId":"633866e872514a6580b212badbccf8a8","status":0,"value":{"acceptSslCerts":true,"applicationCacheEnabled":false,"browserConnectionEnabled":false,"browserName":"chrome","chrome":{"userDataDir":"C:\\Users\\SINGH~2.AVI\\AppData\\Local\\Temp\\scoped_dir10636_12678"},"cssSelectorsEnabled":true,"databaseEnabled":false,"handlesAlerts":true,"javascriptEnabled":true,"locationContextEnabled":true,"nativeEvents":true,"platform":"Windows NT","rotatable":false,"takesHeapSnapshot":true,"takesScreenshot":true,"version":"48.0.2564.97","webStorageEnabled":true}}"
DEBUG - http-outgoing-0 << HTTP/1.1 200 OK
DEBUG - http-outgoing-0 << Content-Length:561
DEBUG - http-outgoing-0 << Content-Type:application/json; charset=utf-8
DEBUG - http-outgoing-0 << Connection:close
DEBUG - http-outgoing-0: Shutdown connection
DEBUG - Connection discarded
DEBUG - http-outgoing-0: Close connection
DEBUG - Connection released: [id: 0][route: {}->http://localhost:16767][total kept alive: 0; route allocated: 0 of 2000; total allocated: 0 of 2000]
DEBUG - Executing openBaseUrl with baseUrl as :http://www.snapdeal.com/
DEBUG - CookieSpec selected: default
DEBUG - Auth cache not set in the context
DEBUG - Connection request: [route: {}->http://localhost:16767][total kept alive: 0; route allocated: 0 of 2000; total allocated: 0 of 2000]
DEBUG - Connection leased: [id: 1][route: {}->http://localhost:16767][total kept alive: 0; route allocated: 1 of 2000; total allocated: 1 of 2000]
DEBUG - Opening connection {}->http://localhost:16767
DEBUG - Connecting to localhost/127.0.0.1:16767
DEBUG - Connection established 127.0.0.1:64399<->127.0.0.1:16767
DEBUG - Executing request POST /session/633866e872514a6580b212badbccf8a8/url HTTP/1.1
DEBUG - Target auth state: UNCHALLENGED
DEBUG - Proxy auth state: UNCHALLENGED
DEBUG - http-outgoing-1 >> POST /session/633866e872514a6580b212badbccf8a8/url HTTP/1.1
DEBUG - http-outgoing-1 >> Content-Type: application/json; charset=utf-8
DEBUG - http-outgoing-1 >> Content-Length: 34
DEBUG - http-outgoing-1 >> Host: localhost:16767
DEBUG - http-outgoing-1 >> Connection: Keep-Alive
DEBUG - http-outgoing-1 >> User-Agent: Apache-HttpClient/4.4.1 (Java/1.8.0_65)
DEBUG - http-outgoing-1 >> Accept-Encoding: gzip,deflate
DEBUG - http-outgoing-1 >> "POST /session/633866e872514a6580b212badbccf8a8/url HTTP/1.1[\r][\n]"
DEBUG - http-outgoing-1 >> "Content-Type: application/json; charset=utf-8[\r][\n]"
DEBUG - http-outgoing-1 >> "Content-Length: 34[\r][\n]"
DEBUG - http-outgoing-1 >> "Host: localhost:16767[\r][\n]"
DEBUG - http-outgoing-1 >> "Connection: Keep-Alive[\r][\n]"
DEBUG - http-outgoing-1 >> "User-Agent: Apache-HttpClient/4.4.1 (Java/1.8.0_65)[\r][\n]"
DEBUG - http-outgoing-1 >> "Accept-Encoding: gzip,deflate[\r][\n]"
DEBUG - http-outgoing-1 >> "[\r][\n]"
DEBUG - http-outgoing-1 >> "{"url":"http://www.snapdeal.com/"}"
DEBUG - http-outgoing-1 << "HTTP/1.1 200 OK[\r][\n]"
DEBUG - http-outgoing-1 << "Content-Length:72[\r][\n]"
DEBUG - http-outgoing-1 << "Content-Type:application/json; charset=utf-8[\r][\n]"
DEBUG - http-outgoing-1 << "Connection:close[\r][\n]"
DEBUG - http-outgoing-1 << "[\r][\n]"
DEBUG - http-outgoing-1 << "{"sessionId":"633866e872514a6580b212badbccf8a8","status":0,"value":null}"
DEBUG - http-outgoing-1 << HTTP/1.1 200 OK
DEBUG - http-outgoing-1 << Content-Length:72
DEBUG - http-outgoing-1 << Content-Type:application/json; charset=utf-8
DEBUG - http-outgoing-1 << Connection:close
DEBUG - http-outgoing-1: Shutdown connection
DEBUG - Connection discarded
DEBUG - http-outgoing-1: Close connection
DEBUG - Connection released: [id: 1][route: {}->http://localhost:16767][total kept alive: 0; route allocated: 0 of 2000; total allocated: 0 of 2000]
DEBUG - CookieSpec selected: default
DEBUG - Auth cache not set in the context
DEBUG - Connection request: [route: {}->http://localhost:16767][total kept alive: 0; route allocated: 0 of 2000; total allocated: 0 of 2000]
DEBUG - Connection leased: [id: 2][route: {}->http://localhost:16767][total kept alive: 0; route allocated: 1 of 2000; total allocated: 1 of 2000]
DEBUG - Opening connection {}->http://localhost:16767
DEBUG - Connecting to localhost/127.0.0.1:16767
DEBUG - Connection established 127.0.0.1:64464<->127.0.0.1:16767
DEBUG - Executing request POST /session/633866e872514a6580b212badbccf8a8/window/current/maximize HTTP/1.1
DEBUG - Target auth state: UNCHALLENGED
DEBUG - Proxy auth state: UNCHALLENGED
DEBUG - http-outgoing-2 >> POST /session/633866e872514a6580b212badbccf8a8/window/current/maximize HTTP/1.1
DEBUG - http-outgoing-2 >> Content-Type: application/json; charset=utf-8
DEBUG - http-outgoing-2 >> Content-Length: 26
DEBUG - http-outgoing-2 >> Host: localhost:16767
DEBUG - http-outgoing-2 >> Connection: Keep-Alive
DEBUG - http-outgoing-2 >> User-Agent: Apache-HttpClient/4.4.1 (Java/1.8.0_65)
DEBUG - http-outgoing-2 >> Accept-Encoding: gzip,deflate
DEBUG - http-outgoing-2 >> "POST /session/633866e872514a6580b212badbccf8a8/window/current/maximize HTTP/1.1[\r][\n]"
DEBUG - http-outgoing-2 >> "Content-Type: application/json; charset=utf-8[\r][\n]"
DEBUG - http-outgoing-2 >> "Content-Length: 26[\r][\n]"
DEBUG - http-outgoing-2 >> "Host: localhost:16767[\r][\n]"
DEBUG - http-outgoing-2 >> "Connection: Keep-Alive[\r][\n]"
DEBUG - http-outgoing-2 >> "User-Agent: Apache-HttpClient/4.4.1 (Java/1.8.0_65)[\r][\n]"
DEBUG - http-outgoing-2 >> "Accept-Encoding: gzip,deflate[\r][\n]"
DEBUG - http-outgoing-2 >> "[\r][\n]"
DEBUG - http-outgoing-2 >> "{"windowHandle":"current"}"
DEBUG - http-outgoing-2 << "HTTP/1.1 200 OK[\r][\n]"
DEBUG - http-outgoing-2 << "Content-Length:72[\r][\n]"
DEBUG - http-outgoing-2 << "Content-Type:application/json; charset=utf-8[\r][\n]"
DEBUG - http-outgoing-2 << "Connection:close[\r][\n]"
DEBUG - http-outgoing-2 << "[\r][\n]"
DEBUG - http-outgoing-2 << "{"sessionId":"633866e872514a6580b212badbccf8a8","status":0,"value":null}"
DEBUG - http-outgoing-2 << HTTP/1.1 200 OK
DEBUG - http-outgoing-2 << Content-Length:72
DEBUG - http-outgoing-2 << Content-Type:application/json; charset=utf-8
DEBUG - http-outgoing-2 << Connection:close
DEBUG - http-outgoing-2: Shutdown connection
DEBUG - Connection discarded
DEBUG - http-outgoing-2: Close connection
DEBUG - Connection released: [id: 2][route: {}->http://localhost:16767][total kept alive: 0; route allocated: 0 of 2000; total allocated: 0 of 2000]
DEBUG - Clicking on the element with xpath : .//*[@id='pincodeSalienceComponent']/div[2]/i
DEBUG - CookieSpec selected: default
DEBUG - Auth cache not set in the context
DEBUG - Connection request: [route: {}->http://localhost:16767][total kept alive: 0; route allocated: 0 of 2000; total allocated: 0 of 2000]
DEBUG - Connection leased: [id: 3][route: {}->http://localhost:16767][total kept alive: 0; route allocated: 1 of 2000; total allocated: 1 of 2000]
DEBUG - Opening connection {}->http://localhost:16767
DEBUG - Connecting to localhost/127.0.0.1:16767
DEBUG - Connection established 127.0.0.1:64467<->127.0.0.1:16767
DEBUG - Executing request POST /session/633866e872514a6580b212badbccf8a8/element HTTP/1.1
DEBUG - Target auth state: UNCHALLENGED
DEBUG - Proxy auth state: UNCHALLENGED
DEBUG - http-outgoing-3 >> POST /session/633866e872514a6580b212badbccf8a8/element HTTP/1.1
DEBUG - http-outgoing-3 >> Content-Type: application/json; charset=utf-8
DEBUG - http-outgoing-3 >> Content-Length: 73
DEBUG - http-outgoing-3 >> Host: localhost:16767
DEBUG - http-outgoing-3 >> Connection: Keep-Alive
DEBUG - http-outgoing-3 >> User-Agent: Apache-HttpClient/4.4.1 (Java/1.8.0_65)
DEBUG - http-outgoing-3 >> Accept-Encoding: gzip,deflate
DEBUG - http-outgoing-3 >> "POST /session/633866e872514a6580b212badbccf8a8/element HTTP/1.1[\r][\n]"
DEBUG - http-outgoing-3 >> "Content-Type: application/json; charset=utf-8[\r][\n]"
DEBUG - http-outgoing-3 >> "Content-Length: 73[\r][\n]"
DEBUG - http-outgoing-3 >> "Host: localhost:16767[\r][\n]"
DEBUG - http-outgoing-3 >> "Connection: Keep-Alive[\r][\n]"
DEBUG - http-outgoing-3 >> "User-Agent: Apache-HttpClient/4.4.1 (Java/1.8.0_65)[\r][\n]"
DEBUG - http-outgoing-3 >> "Accept-Encoding: gzip,deflate[\r][\n]"
DEBUG - http-outgoing-3 >> "[\r][\n]"
DEBUG - http-outgoing-3 >> "{"using":"xpath","value":".//*[@id='pincodeSalienceComponent']/div[2]/i"}"
DEBUG - http-outgoing-3 << "HTTP/1.1 200 OK[\r][\n]"
DEBUG - http-outgoing-3 << "Content-Length:103[\r][\n]"
DEBUG - http-outgoing-3 << "Content-Type:application/json; charset=utf-8[\r][\n]"
DEBUG - http-outgoing-3 << "Connection:close[\r][\n]"
DEBUG - http-outgoing-3 << "[\r][\n]"
DEBUG - http-outgoing-3 << "{"sessionId":"633866e872514a6580b212badbccf8a8","status":0,"value":{"ELEMENT":"0.40369041496887803-1"}}"
DEBUG - http-outgoing-3 << HTTP/1.1 200 OK
DEBUG - http-outgoing-3 << Content-Length:103
DEBUG - http-outgoing-3 << Content-Type:application/json; charset=utf-8
DEBUG - http-outgoing-3 << Connection:close
DEBUG - http-outgoing-3: Shutdown connection
DEBUG - Connection discarded
DEBUG - http-outgoing-3: Close connection
DEBUG - Connection released: [id: 3][route: {}->http://localhost:16767][total kept alive: 0; route allocated: 0 of 2000; total allocated: 0 of 2000]
DEBUG - CookieSpec selected: default
DEBUG - Auth cache not set in the context
DEBUG - Connection request: [route: {}->http://localhost:16767][total kept alive: 0; route allocated: 0 of 2000; total allocated: 0 of 2000]
DEBUG - Connection leased: [id: 4][route: {}->http://localhost:16767][total kept alive: 0; route allocated: 1 of 2000; total allocated: 1 of 2000]
DEBUG - Opening connection {}->http://localhost:16767
DEBUG - Connecting to localhost/127.0.0.1:16767
DEBUG - Connection established 127.0.0.1:64468<->127.0.0.1:16767
DEBUG - Executing request POST /session/633866e872514a6580b212badbccf8a8/element/0.40369041496887803-1/click HTTP/1.1
DEBUG - Target auth state: UNCHALLENGED
DEBUG - Proxy auth state: UNCHALLENGED
DEBUG - http-outgoing-4 >> POST /session/633866e872514a6580b212badbccf8a8/element/0.40369041496887803-1/click HTTP/1.1
DEBUG - http-outgoing-4 >> Content-Type: application/json; charset=utf-8
DEBUG - http-outgoing-4 >> Content-Length: 30
DEBUG - http-outgoing-4 >> Host: localhost:16767
DEBUG - http-outgoing-4 >> Connection: Keep-Alive
DEBUG - http-outgoing-4 >> User-Agent: Apache-HttpClient/4.4.1 (Java/1.8.0_65)
DEBUG - http-outgoing-4 >> Accept-Encoding: gzip,deflate
DEBUG - http-outgoing-4 >> "POST /session/633866e872514a6580b212badbccf8a8/element/0.40369041496887803-1/click HTTP/1.1[\r][\n]"
DEBUG - http-outgoing-4 >> "Content-Type: application/json; charset=utf-8[\r][\n]"
DEBUG - http-outgoing-4 >> "Content-Length: 30[\r][\n]"
DEBUG - http-outgoing-4 >> "Host: localhost:16767[\r][\n]"
DEBUG - http-outgoing-4 >> "Connection: Keep-Alive[\r][\n]"
DEBUG - http-outgoing-4 >> "User-Agent: Apache-HttpClient/4.4.1 (Java/1.8.0_65)[\r][\n]"
DEBUG - http-outgoing-4 >> "Accept-Encoding: gzip,deflate[\r][\n]"
DEBUG - http-outgoing-4 >> "[\r][\n]"
DEBUG - http-outgoing-4 >> "{"id":"0.40369041496887803-1"}"
DEBUG - http-outgoing-4 << "HTTP/1.1 200 OK[\r][\n]"
DEBUG - http-outgoing-4 << "Content-Length:72[\r][\n]"
DEBUG - http-outgoing-4 << "Content-Type:application/json; charset=utf-8[\r][\n]"
DEBUG - http-outgoing-4 << "Connection:close[\r][\n]"
DEBUG - http-outgoing-4 << "[\r][\n]"
DEBUG - http-outgoing-4 << "{"sessionId":"633866e872514a6580b212badbccf8a8","status":0,"value":null}"
DEBUG - http-outgoing-4 << HTTP/1.1 200 OK
DEBUG - http-outgoing-4 << Content-Length:72
DEBUG - http-outgoing-4 << Content-Type:application/json; charset=utf-8
DEBUG - http-outgoing-4 << Connection:close
DEBUG - http-outgoing-4: Shutdown connection
DEBUG - Connection discarded
DEBUG - http-outgoing-4: Close connection
DEBUG - Connection released: [id: 4][route: {}->http://localhost:16767][total kept alive: 0; route allocated: 0 of 2000; total allocated: 0 of 2000]
ERROR - Error in executing click with error :3
DEBUG - Clicking on the element with xpath : .//*[@id='pincodeSalienceComponent']/div[2]/i
DEBUG - CookieSpec selected: default
DEBUG - Auth cache not set in the context
DEBUG - Connection request: [route: {}->http://localhost:16767][total kept alive: 0; route allocated: 0 of 2000; total allocated: 0 of 2000]
DEBUG - Connection leased: [id: 5][route: {}->http://localhost:16767][total kept alive: 0; route allocated: 1 of 2000; total allocated: 1 of 2000]
DEBUG - Opening connection {}->http://localhost:16767
DEBUG - Connecting to localhost/127.0.0.1:16767
DEBUG - Connection established 127.0.0.1:64469<->127.0.0.1:16767
DEBUG - Executing request POST /session/633866e872514a6580b212badbccf8a8/element HTTP/1.1
DEBUG - Target auth state: UNCHALLENGED
DEBUG - Proxy auth state: UNCHALLENGED
DEBUG - http-outgoing-5 >> POST /session/633866e872514a6580b212badbccf8a8/element HTTP/1.1
DEBUG - http-outgoing-5 >> Content-Type: application/json; charset=utf-8
DEBUG - http-outgoing-5 >> Content-Length: 73
DEBUG - http-outgoing-5 >> Host: localhost:16767
DEBUG - http-outgoing-5 >> Connection: Keep-Alive
DEBUG - http-outgoing-5 >> User-Agent: Apache-HttpClient/4.4.1 (Java/1.8.0_65)
DEBUG - http-outgoing-5 >> Accept-Encoding: gzip,deflate
DEBUG - http-outgoing-5 >> "POST /session/633866e872514a6580b212badbccf8a8/element HTTP/1.1[\r][\n]"
DEBUG - http-outgoing-5 >> "Content-Type: application/json; charset=utf-8[\r][\n]"
DEBUG - http-outgoing-5 >> "Content-Length: 73[\r][\n]"
DEBUG - http-outgoing-5 >> "Host: localhost:16767[\r][\n]"
DEBUG - http-outgoing-5 >> "Connection: Keep-Alive[\r][\n]"
DEBUG - http-outgoing-5 >> "User-Agent: Apache-HttpClient/4.4.1 (Java/1.8.0_65)[\r][\n]"
DEBUG - http-outgoing-5 >> "Accept-Encoding: gzip,deflate[\r][\n]"
DEBUG - http-outgoing-5 >> "[\r][\n]"
DEBUG - http-outgoing-5 >> "{"using":"xpath","value":".//*[@id='pincodeSalienceComponent']/div[2]/i"}"
DEBUG - http-outgoing-5 << "HTTP/1.1 200 OK[\r][\n]"
DEBUG - http-outgoing-5 << "Content-Length:213[\r][\n]"
DEBUG - http-outgoing-5 << "Content-Type:application/json; charset=utf-8[\r][\n]"
DEBUG - http-outgoing-5 << "Connection:close[\r][\n]"
DEBUG - http-outgoing-5 << "[\r][\n]"
DEBUG - http-outgoing-5 << "{"sessionId":"633866e872514a6580b212badbccf8a8","status":7,"value":{"message":"no such element\n  (Session info: chrome=48.0.2564.97)\n  (Driver info: chromedriver=2.9.248315,platform=Windows NT 6.1 SP1 x86_64)"}}"
DEBUG - http-outgoing-5 << HTTP/1.1 200 OK
DEBUG - http-outgoing-5 << Content-Length:213
DEBUG - http-outgoing-5 << Content-Type:application/json; charset=utf-8
DEBUG - http-outgoing-5 << Connection:close
DEBUG - http-outgoing-5: Shutdown connection
DEBUG - Connection discarded
DEBUG - http-outgoing-5: Close connection
DEBUG - Connection released: [id: 5][route: {}->http://localhost:16767][total kept alive: 0; route allocated: 0 of 2000; total allocated: 0 of 2000]
ERROR - Error in executing click with error :null
